Success (1):
recordType 1 SYSTEM_RECORD_TYPE_USER "User"

Referenced precedents that were not exported (3):
group 9 _e-0000dc9a-7174-8000-2e72-011e94011e94_9
processModel 8 0002dc9a-7a86-8000-2e72-014d98014d98
processModel 10 0002dc9a-7b41-8000-2e72-014d98014d98

Trace:
2016-03-08 02:53:32.246 DEBUG recordType 1 SYSTEM_RECORD_TYPE_USER Begin transport.
2016-03-08 02:53:32.246 DEBUG recordType 1 SYSTEM_RECORD_TYPE_USER Retrieving object data.
2016-03-08 02:53:32.259 DEBUG recordType 1 SYSTEM_RECORD_TYPE_USER Setting uuids of object references.
2016-03-08 02:53:32.259 DEBUG recordType 1 SYSTEM_RECORD_TYPE_USER Processing reference: RecordType.dataSrcExpr
2016-03-08 02:53:32.259 DEBUG recordType 1 SYSTEM_RECORD_TYPE_USER Processing reference: RecordType.defaultFilters
2016-03-08 02:53:32.259 DEBUG recordType 1 SYSTEM_RECORD_TYPE_USER Processing reference: RecordType.defaultFiltersExpr
2016-03-08 02:53:32.259 DEBUG recordType 1 SYSTEM_RECORD_TYPE_USER Processing reference: DetailViewCfg.headerExpr
2016-03-08 02:53:32.26 DEBUG recordType 1 SYSTEM_RECORD_TYPE_USER Processing reference: DetailViewCfg.nameExpr
2016-03-08 02:53:32.26 DEBUG recordType 1 SYSTEM_RECORD_TYPE_USER Processing reference: DetailViewCfg.uiExpr
2016-03-08 02:53:32.26 DEBUG recordType 1 SYSTEM_RECORD_TYPE_USER Processing reference: DetailViewCfg.visibilityExpr
2016-03-08 02:53:32.26 DEBUG recordType 1 SYSTEM_RECORD_TYPE_USER Processing reference: RecordType.facetsListExpr
2016-03-08 02:53:32.26 DEBUG recordType 1 SYSTEM_RECORD_TYPE_USER Processing reference: RecordType.listViewTemplateExpr
2016-03-08 02:53:32.26 DEBUG recordType 1 SYSTEM_RECORD_TYPE_USER Processing reference: RelatedActionCfg.contextExpr
2016-03-08 02:53:32.26 DEBUG recordType 1 SYSTEM_RECORD_TYPE_USER Processing reference: RelatedActionCfg.target
2016-03-08 02:53:32.264 DEBUG recordType 1 SYSTEM_RECORD_TYPE_USER Processing reference: RelatedActionCfg.visibilityExpr
2016-03-08 02:53:32.264 DEBUG recordType 1 SYSTEM_RECORD_TYPE_USER Processing reference: RelatedActionCfg.contextExpr
2016-03-08 02:53:32.264 DEBUG recordType 1 SYSTEM_RECORD_TYPE_USER Processing reference: RelatedActionCfg.target
2016-03-08 02:53:32.266 DEBUG recordType 1 SYSTEM_RECORD_TYPE_USER Processing reference: RelatedActionCfg.visibilityExpr
2016-03-08 02:53:32.266 DEBUG recordType 1 SYSTEM_RECORD_TYPE_USER Processing reference: RecordType.source
2016-03-08 02:53:32.266 DEBUG recordType 1 SYSTEM_RECORD_TYPE_USER Processing reference: Role[name=record_type_administrator,groupIds=[9]]
2016-03-08 02:53:32.267 DEBUG recordType 1 SYSTEM_RECORD_TYPE_USER Exporting binary resources.
2016-03-08 02:53:32.267 DEBUG recordType 1 SYSTEM_RECORD_TYPE_USER Serializing object to XML.
2016-03-08 02:53:32.268 DEBUG recordType 1 SYSTEM_RECORD_TYPE_USER Object transported.
